#-----------------------------------------------------------
# Vivado v2015.2 (64-bit)
# SW Build 1266856 on Fri Jun 26 16:35:25 MDT 2015
# IP Build 1264090 on Wed Jun 24 14:22:01 MDT 2015
# Start of session at: Wed Jun 12 17:05:50 2019
# Process ID: 5456
# Log file: C:/Users/wzc-1748995976/Desktop/verilog/lab1/vivado.log
# Journal file: C:/Users/wzc-1748995976/Desktop/verilog/lab1\vivado.jou
#-----------------------------------------------------------
start_gui
open_project C:/Users/wzc-1748995976/Desktop/verilog/lab1/lab1.xpr
CRITICAL WARNING: [Project 1-19] Could not find the file 'C:/Users/wzc-1748995976/Desktop/3/lab3_3.v'.
CRITICAL WARNING: [Project 1-19] Could not find the file 'C:/Users/wzc-1748995976/Desktop/3/lab3_1.v'.
CRITICAL WARNING: [Project 1-19] Could not find the file 'C:/Users/wzc-1748995976/Desktop/3/lab3_4.v'.
CRITICAL WARNING: [Project 1-19] Could not find the file 'C:/Users/wzc-1748995976/Desktop/3/lab3_2.v'.
CRITICAL WARNING: [Project 1-19] Could not find the file 'C:/Users/wzc-1748995976/Desktop/3/lab3_5.v'.
CRITICAL WARNING: [Project 1-19] Could not find the file 'C:/Users/wzc-1748995976/Desktop/2/Nexys4DDR_Master.xdc'.
Scanning sources...
Finished scanning sources
INFO: [IP_Flow 19-234] Refreshing IP repositories
INFO: [IP_Flow 19-1704] No user IP repositories specified
INFO: [IP_Flow 19-2313] Loaded Vivado IP repository 'C:/Xilinx/Vivado/2015.2/data/ip'.
open_project: Time (s): cpu = 00:00:13 ; elapsed = 00:00:07 . Memory (MB): peak = 723.852 ; gain = 163.352
exit
INFO: [Common 17-206] Exiting Vivado at Wed Jun 12 17:06:17 2019...
